2025-05-27 15:07:27,478 - INFO - Dash is running on http://127.0.0.1:8050/

2025-05-27 15:07:33,076 - INFO - Updated blacklist table with 0 items
2025-05-27 15:07:46,392 - ERROR - Error updating chart: string indices must be integers, not 'str'
2025-05-27 15:07:46,717 - INFO - Updated recommendation chart for user 99
2025-05-27 15:07:57,550 - INFO - Updated recommendation chart for user 98
2025-05-27 15:08:07,070 - INFO - Updated blacklist table with 0 items
2025-05-27 15:08:07,672 - INFO - Updated blacklist table with 0 items
2025-05-27 15:08:07,994 - INFO - Updated blacklist table with 0 items
2025-05-27 15:08:08,932 - INFO - Updated blacklist table with 0 items
2025-05-27 15:08:16,832 - INFO - Updated blacklist table with 0 items
2025-05-27 15:08:30,014 - ERROR - Error updating chart: string indices must be integers, not 'str'
2025-05-27 16:36:44,884 - INFO - Dash is running on http://127.0.0.1:8050/

2025-05-27 16:36:51,305 - ERROR - Error updating product dropdown: HTTPConnectionPool(host='localhost', port=8000): Max retries exceeded with url: /metrics/product-activity (Caused by NewConnectionError('<urllib3.connection.HTTPConnection object at 0x000001759B7CF110>: Failed to establish a new connection: [WinError 10061] No connection could be made because the target machine actively refused it'))
2025-05-27 16:36:51,306 - ERROR - Error updating chart: HTTPConnectionPool(host='localhost', port=8000): Max retries exceeded with url: /recommend (Caused by NewConnectionError('<urllib3.connection.HTTPConnection object at 0x000001759B77BCB0>: Failed to establish a new connection: [WinError 10061] No connection could be made because the target machine actively refused it'))
2025-05-27 16:36:58,913 - ERROR - Error updating chart: HTTPConnectionPool(host='localhost', port=8000): Max retries exceeded with url: /recommend (Caused by NewConnectionError('<urllib3.connection.HTTPConnection object at 0x000001759C265090>: Failed to establish a new connection: [WinError 10061] No connection could be made because the target machine actively refused it'))
2025-05-27 16:37:01,968 - ERROR - Error updating chart: HTTPConnectionPool(host='localhost', port=8000): Max retries exceeded with url: /recommend (Caused by NewConnectionError('<urllib3.connection.HTTPConnection object at 0x000001759C185BA0>: Failed to establish a new connection: [WinError 10061] No connection could be made because the target machine actively refused it'))
2025-05-27 16:37:01,997 - ERROR - Error updating product dropdown: HTTPConnectionPool(host='localhost', port=8000): Max retries exceeded with url: /metrics/product-activity (Caused by NewConnectionError('<urllib3.connection.HTTPConnection object at 0x000001759C1863F0>: Failed to establish a new connection: [WinError 10061] No connection could be made because the target machine actively refused it'))
2025-05-27 16:37:03,758 - ERROR - Error updating chart: HTTPConnectionPool(host='localhost', port=8000): Max retries exceeded with url: /recommend (Caused by NewConnectionError('<urllib3.connection.HTTPConnection object at 0x000001759C295EB0>: Failed to establish a new connection: [WinError 10061] No connection could be made because the target machine actively refused it'))
2025-05-27 16:37:10,880 - ERROR - Error updating chart: HTTPConnectionPool(host='localhost', port=8000): Max retries exceeded with url: /recommend (Caused by NewConnectionError('<urllib3.connection.HTTPConnection object at 0x000001759C334AF0>: Failed to establish a new connection: [WinError 10061] No connection could be made because the target machine actively refused it'))
2025-05-27 16:37:14,263 - ERROR - Error updating chart: HTTPConnectionPool(host='localhost', port=8000): Max retries exceeded with url: /recommend (Caused by NewConnectionError('<urllib3.connection.HTTPConnection object at 0x000001759C335150>: Failed to establish a new connection: [WinError 10061] No connection could be made because the target machine actively refused it'))
2025-05-27 16:37:26,245 - ERROR - Error updating chart: HTTPConnectionPool(host='localhost', port=8000): Max retries exceeded with url: /recommend (Caused by NewConnectionError('<urllib3.connection.HTTPConnection object at 0x000001759C335590>: Failed to establish a new connection: [WinError 10061] No connection could be made because the target machine actively refused it'))
2025-05-27 16:37:29,177 - ERROR - Error updating chart: HTTPConnectionPool(host='localhost', port=8000): Max retries exceeded with url: /recommend (Caused by NewConnectionError('<urllib3.connection.HTTPConnection object at 0x000001759C3358C0>: Failed to establish a new connection: [WinError 10061] No connection could be made because the target machine actively refused it'))
2025-05-27 16:37:29,177 - ERROR - Error updating product dropdown: HTTPConnectionPool(host='localhost', port=8000): Max retries exceeded with url: /metrics/product-activity (Caused by NewConnectionError('<urllib3.connection.HTTPConnection object at 0x000001759C3357B0>: Failed to establish a new connection: [WinError 10061] No connection could be made because the target machine actively refused it'))
2025-05-27 16:42:02,878 - ERROR - Error updating chart: HTTPConnectionPool(host='localhost', port=8000): Max retries exceeded with url: /recommend (Caused by NewConnectionError('<urllib3.connection.HTTPConnection object at 0x000001759C335BF0>: Failed to establish a new connection: [WinError 10061] No connection could be made because the target machine actively refused it'))
2025-05-27 16:42:02,881 - ERROR - Error updating product dropdown: HTTPConnectionPool(host='localhost', port=8000): Max retries exceeded with url: /metrics/product-activity (Caused by NewConnectionError('<urllib3.connection.HTTPConnection object at 0x000001759C1467A0>: Failed to establish a new connection: [WinError 10061] No connection could be made because the target machine actively refused it'))
2025-05-27 16:42:29,803 - ERROR - Error updating product dropdown: HTTPConnectionPool(host='localhost', port=8000): Max retries exceeded with url: /metrics/product-activity (Caused by NewConnectionError('<urllib3.connection.HTTPConnection object at 0x000001759C1456A0>: Failed to establish a new connection: [WinError 10061] No connection could be made because the target machine actively refused it'))
2025-05-27 16:42:29,806 - ERROR - Error updating chart: HTTPConnectionPool(host='localhost', port=8000): Max retries exceeded with url: /recommend (Caused by NewConnectionError('<urllib3.connection.HTTPConnection object at 0x000001759C1467A0>: Failed to establish a new connection: [WinError 10061] No connection could be made because the target machine actively refused it'))
